0 info it worked if it ends with ok
1 verbose cli [ 'node', '/usr/local/bin/npm', 'install', 'webpack', '-g' ]
2 info using npm@1.4.28
3 info using node@v0.10.32
4 verbose cache add [ 'webpack', null ]
5 verbose cache add name=undefined spec="webpack" args=["webpack",null]
6 verbose parsed url { protocol: null,
6 verbose parsed url   slashes: null,
6 verbose parsed url   auth: null,
6 verbose parsed url   host: null,
6 verbose parsed url   port: null,
6 verbose parsed url   hostname: null,
6 verbose parsed url   hash: null,
6 verbose parsed url   search: null,
6 verbose parsed url   query: null,
6 verbose parsed url   pathname: 'webpack',
6 verbose parsed url   path: 'webpack',
6 verbose parsed url   href: 'webpack' }
7 silly lockFile 057b6197-webpack webpack
8 verbose lock webpack /Users/ranwahle/.npm/057b6197-webpack.lock
9 silly lockFile 057b6197-webpack webpack
10 silly lockFile 057b6197-webpack webpack
11 verbose addNamed [ 'webpack', '' ]
12 verbose addNamed [ null, '*' ]
13 silly lockFile 9c8dd08b-webpack webpack@
14 verbose lock webpack@ /Users/ranwahle/.npm/9c8dd08b-webpack.lock
15 silly addNameRange { name: 'webpack', range: '*', hasData: false }
16 verbose request where is /webpack
17 verbose request registry https://registry.npmjs.org/
18 verbose request id fa97b1c1264d8b0b
19 verbose url raw /webpack
20 verbose url resolving [ 'https://registry.npmjs.org/', './webpack' ]
21 verbose url resolved https://registry.npmjs.org/webpack
22 verbose request where is https://registry.npmjs.org/webpack
23 info trying registry request attempt 1 at 22:15:46
24 http GET https://registry.npmjs.org/webpack
25 http 200 https://registry.npmjs.org/webpack
26 silly registry.get cb [ 200,
26 silly registry.get   { server: 'CouchDB/1.5.0 (Erlang OTP/R16B03)',
26 silly registry.get     etag: '"DL2ND82IJSKEGHP6CXHZVJ7RU"',
26 silly registry.get     'content-type': 'application/json',
26 silly registry.get     'cache-control': 'max-age=60',
26 silly registry.get     'content-length': '683970',
26 silly registry.get     'accept-ranges': 'bytes',
26 silly registry.get     date: 'Sat, 08 Aug 2015 19:15:46 GMT',
26 silly registry.get     via: '1.1 varnish',
26 silly registry.get     age: '40',
26 silly registry.get     connection: 'keep-alive',
26 silly registry.get     'x-served-by': 'cache-lcy1123-LCY',
26 silly registry.get     'x-cache': 'HIT',
26 silly registry.get     'x-cache-hits': '1',
26 silly registry.get     'x-timer': 'S1439061346.974878,VS0,VE3',
26 silly registry.get     vary: 'Accept' } ]
27 silly addNameRange number 2 { name: 'webpack', range: '*', hasData: true }
28 silly addNameRange versions [ 'webpack',
28 silly addNameRange   [ '0.1.0',
28 silly addNameRange     '0.1.1',
28 silly addNameRange     '0.1.2',
28 silly addNameRange     '0.1.3',
28 silly addNameRange     '0.1.4',
28 silly addNameRange     '0.1.5',
28 silly addNameRange     '0.1.6',
28 silly addNameRange     '0.2.0',
28 silly addNameRange     '0.2.1',
28 silly addNameRange     '0.2.2',
28 silly addNameRange     '0.2.3',
28 silly addNameRange     '0.2.4',
28 silly addNameRange     '0.2.6',
28 silly addNameRange     '0.2.7',
28 silly addNameRange     '0.2.8',
28 silly addNameRange     '0.3.0',
28 silly addNameRange     '0.3.1',
28 silly addNameRange     '0.3.2',
28 silly addNameRange     '0.3.3',
28 silly addNameRange     '0.3.4',
28 silly addNameRange     '0.3.6',
28 silly addNameRange     '0.3.7',
28 silly addNameRange     '0.3.8',
28 silly addNameRange     '0.3.9',
28 silly addNameRange     '0.3.10',
28 silly addNameRange     '0.3.11',
28 silly addNameRange     '0.3.12',
28 silly addNameRange     '0.3.13',
28 silly addNameRange     '0.3.14',
28 silly addNameRange     '0.3.15',
28 silly addNameRange     '0.3.16',
28 silly addNameRange     '0.3.17',
28 silly addNameRange     '0.3.18',
28 silly addNameRange     '0.3.19',
28 silly addNameRange     '0.3.20',
28 silly addNameRange     '0.4.0',
28 silly addNameRange     '0.4.1',
28 silly addNameRange     '0.4.2',
28 silly addNameRange     '0.4.3',
28 silly addNameRange     '0.4.4',
28 silly addNameRange     '0.4.5',
28 silly addNameRange     '0.4.6',
28 silly addNameRange     '0.4.7',
28 silly addNameRange     '0.4.8',
28 silly addNameRange     '0.4.9',
28 silly addNameRange     '0.4.10',
28 silly addNameRange     '0.4.11',
28 silly addNameRange     '0.4.12',
28 silly addNameRange     '0.4.13',
28 silly addNameRange     '0.4.14',
28 silly addNameRange     '0.4.15',
28 silly addNameRange     '0.4.16',
28 silly addNameRange     '0.4.17',
28 silly addNameRange     '0.4.18',
28 silly addNameRange     '0.4.19',
28 silly addNameRange     '0.4.20',
28 silly addNameRange     '0.4.21',
28 silly addNameRange     '0.4.23',
28 silly addNameRange     '0.4.24',
28 silly addNameRange     '0.4.25',
28 silly addNameRange     '0.5.0',
28 silly addNameRange     '0.5.1',
28 silly addNameRange     '0.5.2',
28 silly addNameRange     '0.5.3',
28 silly addNameRange     '0.5.4',
28 silly addNameRange     '0.5.5',
28 silly addNameRange     '0.5.6',
28 silly addNameRange     '0.5.7',
28 silly addNameRange     '0.5.8',
28 silly addNameRange     '0.5.10',
28 silly addNameRange     '0.6.0',
28 silly addNameRange     '0.6.1',
28 silly addNameRange     '0.6.2',
28 silly addNameRange     '0.7.0-beta',
28 silly addNameRange     '0.7.0-beta2',
28 silly addNameRange     '0.7.0-beta3',
28 silly addNameRange     '0.7.0-beta4',
28 silly addNameRange     '0.7.0-beta5',
28 silly addNameRange     '0.7.0-beta6',
28 silly addNameRange     '0.7.0-beta7',
28 silly addNameRange     '0.7.0-beta8',
28 silly addNameRange     '0.7.0',
28 silly addNameRange     '0.7.1',
28 silly addNameRange     '0.7.2',
28 silly addNameRange     '0.7.3',
28 silly addNameRange     '0.7.4',
28 silly addNameRange     '0.7.5',
28 silly addNameRange     '0.7.6',
28 silly addNameRange     '0.7.7',
28 silly addNameRange     '0.7.8',
28 silly addNameRange     '0.7.9',
28 silly addNameRange     '0.7.11',
28 silly addNameRange     '0.7.12',
28 silly addNameRange     '0.7.13',
28 silly addNameRange     '0.7.14',
28 silly addNameRange     '0.7.15',
28 silly addNameRange     '0.7.16',
28 silly addNameRange     '0.7.17',
28 silly addNameRange     '0.8.0-beta1',
28 silly addNameRange     '0.8.0-beta2',
28 silly addNameRange     '0.8.0-beta3',
28 silly addNameRange     '0.8.0-beta4',
28 silly addNameRange     '0.8.0',
28 silly addNameRange     '0.8.2',
28 silly addNameRange     '0.8.3',
28 silly addNameRange     '0.9.0-beta1',
28 silly addNameRange     '0.9.0-beta2',
28 silly addNameRange     '0.9.0-beta4',
28 silly addNameRange     '0.9.0-beta5',
28 silly addNameRange     '0.9.0-beta6',
28 silly addNameRange     '0.9.0-beta7',
28 silly addNameRange     '0.9.0-beta8',
28 silly addNameRange     '0.9.0-beta9',
28 silly addNameRange     '0.9.0-beta10',
28 silly addNameRange     '0.9.0-beta11',
28 silly addNameRange     '0.9.0-beta12',
28 silly addNameRange     '0.9.0-beta13',
28 silly addNameRange     '0.9.0-beta14',
28 silly addNameRange     '0.9.0-beta15',
28 silly addNameRange     '0.9.0-beta16',
28 silly addNameRange     '0.9.0-beta17',
28 silly addNameRange     '0.9.0-beta18',
28 silly addNameRange     '0.9.0-beta19',
28 silly addNameRange     '0.9.0-beta20',
28 silly addNameRange     '0.9.0-beta21',
28 silly addNameRange     '0.9.0-beta22',
28 silly addNameRange     '0.9.0-beta23',
28 silly addNameRange     '0.9.0-beta24',
28 silly addNameRange     '0.9.0-beta25',
28 silly addNameRange     '0.9.0-beta26',
28 silly addNameRange     '0.9.0-beta27',
28 silly addNameRange     '0.9.0-beta28',
28 silly addNameRange     '0.9.0-beta29',
28 silly addNameRange     '0.9.0-beta30',
28 silly addNameRange     '0.9.0-beta31',
28 silly addNameRange     '0.9.0-beta32',
28 silly addNameRange     '0.9.0-beta33',
28 silly addNameRange     '0.9.0-beta34',
28 silly addNameRange     '0.9.0-beta35',
28 silly addNameRange     '0.9.0-beta36',
28 silly addNameRange     '0.9.0-beta37',
28 silly addNameRange     '0.9.0-beta38',
28 silly addNameRange     '0.9.0',
28 silly addNameRange     '0.9.1',
28 silly addNameRange     '0.9.2',
28 silly addNameRange     '0.9.3',
28 silly addNameRange     '0.10.0-beta2',
28 silly addNameRange     '0.10.0-beta3',
28 silly addNameRange     '0.10.0-beta5',
28 silly addNameRange     '0.10.0-beta6',
28 silly addNameRange     '0.10.0-beta7',
28 silly addNameRange     '0.10.0-beta8',
28 silly addNameRange     '0.10.0-beta9',
28 silly addNameRange     '0.10.0-beta10',
28 silly addNameRange     '0.10.0-beta11',
28 silly addNameRange     '0.10.0-beta12',
28 silly addNameRange     '0.10.0-beta13',
28 silly addNameRange     '0.10.0-beta14',
28 silly addNameRange     '0.10.0-beta15',
28 silly addNameRange     '0.10.0-beta16',
28 silly addNameRange     '0.10.0-beta17',
28 silly addNameRange     '0.10.0-beta18',
28 silly addNameRange     '0.10.0-beta19',
28 silly addNameRange     '0.10.0-beta20',
28 silly addNameRange     '0.10.0-beta21',
28 silly addNameRange     '0.10.0-beta22',
28 silly addNameRange     '0.10.0-beta23',
28 silly addNameRange     '0.10.0-beta24',
28 silly addNameRange     '0.10.0-beta25',
28 silly addNameRange     '0.10.0',
28 silly addNameRange     '0.11.0-beta1',
28 silly addNameRange     '0.11.0-beta2',
28 silly addNameRange     '0.11.0-beta3',
28 silly addNameRange     '0.11.0-beta4',
28 silly addNameRange     '0.11.0-beta5',
28 silly addNameRange     '0.11.0-beta6',
28 silly addNameRange     '0.11.0-beta7',
28 silly addNameRange     '0.11.0-beta8',
28 silly addNameRange     '0.11.0-beta9',
28 silly addNameRange     '0.11.0-beta10',
28 silly addNameRange     '0.11.0-beta11',
28 silly addNameRange     '0.11.0-beta12',
28 silly addNameRange     '0.11.0-beta13',
28 silly addNameRange     '0.11.0-beta14',
28 silly addNameRange     '0.11.0-beta15',
28 silly addNameRange     '0.11.0-beta16',
28 silly addNameRange     '0.11.0-beta17',
28 silly addNameRange     '0.11.0-beta18',
28 silly addNameRange     '0.11.0-beta19',
28 silly addNameRange     '0.11.0-beta20',
28 silly addNameRange     '0.11.0-beta21',
28 silly addNameRange     '0.11.0-beta22',
28 silly addNameRange     '0.11.0-beta23',
28 silly addNameRange     '0.11.0-beta24',
28 silly addNameRange     '0.11.0-beta25',
28 silly addNameRange     '0.11.0-beta26',
28 silly addNameRange     '0.11.0-beta27',
28 silly addNameRange     '0.11.0-beta28',
28 silly addNameRange     '0.11.0-beta29',
28 silly addNameRange     '0.11.0',
28 silly addNameRange     '0.11.1',
28 silly addNameRange     '0.11.2',
28 silly addNameRange     '0.11.3',
28 silly addNameRange     '0.11.4',
28 silly addNameRange     '0.11.5',
28 silly addNameRange     '0.11.6',
28 silly addNameRange     '0.11.7',
28 silly addNameRange     '0.11.8',
28 silly addNameRange     '0.11.9',
28 silly addNameRange     '0.11.10',
28 silly addNameRange     '0.11.11',
28 silly addNameRange     '0.11.12',
28 silly addNameRange     '0.11.13',
28 silly addNameRange     '0.11.14',
28 silly addNameRange     '0.11.15',
28 silly addNameRange     '1.0.0-beta1',
28 silly addNameRange     '1.0.0-beta2',
28 silly addNameRange     '1.0.0-beta3',
28 silly addNameRange     '1.0.0-beta4',
28 silly addNameRange     '0.11.16',
28 silly addNameRange     '0.11.17',
28 silly addNameRange     '0.11.18',
28 silly addNameRange     '1.0.0-beta5',
28 silly addNameRange     '1.0.0-beta6',
28 silly addNameRange     '1.0.0-beta7',
28 silly addNameRange     '1.0.0-beta8',
28 silly addNameRange     '1.0.0-beta9',
28 silly addNameRange     '1.0.0-rc1',
28 silly addNameRange     '1.0.0-rc2',
28 silly addNameRange     '1.0.0-rc3',
28 silly addNameRange     '1.0.0-rc4',
28 silly addNameRange     '1.0.0-rc5',
28 silly addNameRange     '1.0.0-rc7',
28 silly addNameRange     '1.0.0-rc8',
28 silly addNameRange     '1.0.0-rc9',
28 silly addNameRange     '1.0.0-rc11',
28 silly addNameRange     '1.0.0-rc12',
28 silly addNameRange     '1.0.0',
28 silly addNameRange     '1.0.1',
28 silly addNameRange     '1.0.3',
28 silly addNameRange     '1.0.4',
28 silly addNameRange     '1.0.5',
28 silly addNameRange     '1.1.0-beta1',
28 silly addNameRange     '1.1.0-beta2',
28 silly addNameRange     '1.1.0-beta3',
28 silly addNameRange     '1.1.0-beta4',
28 silly addNameRange     '1.1.0-beta5',
28 silly addNameRange     '1.1.0-beta6',
28 silly addNameRange     '1.1.0-beta7',
28 silly addNameRange     '1.1.0-beta8',
28 silly addNameRange     '1.1.0-beta9',
28 silly addNameRange     '1.1.0-beta10',
28 silly addNameRange     '1.1.0-beta12',
28 silly addNameRange     '1.1.0',
28 silly addNameRange     '1.1.1',
28 silly addNameRange     '1.1.2',
28 silly addNameRange     '1.1.3',
28 silly addNameRange     '1.1.4',
28 silly addNameRange     '1.1.5',
28 silly addNameRange     '1.1.6',
28 silly addNameRange     '1.1.7',
28 silly addNameRange     '1.1.8',
28 silly addNameRange     '1.1.9',
28 silly addNameRange     '1.1.10',
28 silly addNameRange     '1.1.11',
28 silly addNameRange     '1.2.0-beta1',
28 silly addNameRange     '1.2.0-beta2',
28 silly addNameRange     '1.2.0-beta4',
28 silly addNameRange     '1.2.0-beta5',
28 silly addNameRange     '1.2.0-beta6',
28 silly addNameRange     '1.3.0-beta1',
28 silly addNameRange     '1.3.0-beta2',
28 silly addNameRange     '1.3.0-beta3',
28 silly addNameRange     '1.3.0-beta4',
28 silly addNameRange     '1.3.0-beta5',
28 silly addNameRange     '1.3.0-beta6',
28 silly addNameRange     '1.3.0-beta7',
28 silly addNameRange     '1.3.0-beta8',
28 silly addNameRange     '1.3.0-beta9',
28 silly addNameRange     '1.3.1-beta1',
28 silly addNameRange     '1.3.1-beta2',
28 silly addNameRange     '1.3.1-beta3',
28 silly addNameRange     '1.3.1-beta4',
28 silly addNameRange     '1.3.1-beta5',
28 silly addNameRange     '1.3.1-beta6',
28 silly addNameRange     '1.3.1-beta7',
28 silly addNameRange     '1.3.1-beta8',
28 silly addNameRange     '1.3.1-beta9',
28 silly addNameRange     '1.3.2-beta1',
28 silly addNameRange     '1.3.2-beta2',
28 silly addNameRange     '1.3.2-beta3',
28 silly addNameRange     '1.3.2-beta4',
28 silly addNameRange     '1.3.2-beta5',
28 silly addNameRange     '1.3.2-beta6',
28 silly addNameRange     '1.3.2-beta7',
28 silly addNameRange     '1.3.2-beta8',
28 silly addNameRange     '1.3.2-beta9',
28 silly addNameRange     '1.3.3-beta1',
28 silly addNameRange     '1.3.3-beta2',
28 silly addNameRange     '1.3.4',
28 silly addNameRange     '1.3.5',
28 silly addNameRange     '1.3.6',
28 silly addNameRange     '1.3.7',
28 silly addNameRange     '1.4.0-beta1',
28 silly addNameRange     '1.4.0-beta2',
28 silly addNameRange     '1.4.0-beta3',
28 silly addNameRange     '1.4.0-beta4',
28 silly addNameRange     '1.4.0-beta5',
28 silly addNameRange     '1.4.0-beta6',
28 silly addNameRange     '1.4.0-beta7',
28 silly addNameRange     '1.4.0-beta8',
28 silly addNameRange     '1.4.0-beta9',
28 silly addNameRange     '1.4.0-beta10',
28 silly addNameRange     '1.4.1-beta1',
28 silly addNameRange     '1.4.2',
28 silly addNameRange     '1.4.3',
28 silly addNameRange     '1.4.4',
28 silly addNameRange     '1.4.5',
28 silly addNameRange     '1.4.6',
28 silly addNameRange     '1.4.7',
28 silly addNameRange     '1.4.8',
28 silly addNameRange     '1.4.9',
28 silly addNameRange     '1.4.10',
28 silly addNameRange     '1.4.11',
28 silly addNameRange     '1.4.12',
28 silly addNameRange     '1.4.13',
28 silly addNameRange     '1.4.14',
28 silly addNameRange     '1.4.15',
28 silly addNameRange     '1.5.0',
28 silly addNameRange     '1.5.1',
28 silly addNameRange     '1.5.2',
28 silly addNameRange     '1.5.3',
28 silly addNameRange     '1.6.0',
28 silly addNameRange     '1.7.0',
28 silly addNameRange     '1.7.1',
28 silly addNameRange     '1.7.2',
28 silly addNameRange     '1.7.3',
28 silly addNameRange     '1.8.0',
28 silly addNameRange     '1.8.1',
28 silly addNameRange     '1.8.2',
28 silly addNameRange     '1.8.3',
28 silly addNameRange     '1.8.4',
28 silly addNameRange     '1.8.5',
28 silly addNameRange     '1.8.6',
28 silly addNameRange     '1.8.7',
28 silly addNameRange     '1.8.8',
28 silly addNameRange     '1.8.9',
28 silly addNameRange     '1.8.10',
28 silly addNameRange     '1.8.11',
28 silly addNameRange     '1.9.0',
28 silly addNameRange     '1.9.1',
28 silly addNameRange     '1.9.2',
28 silly addNameRange     '1.9.3',
28 silly addNameRange     '1.9.4',
28 silly addNameRange     '1.9.5',
28 silly addNameRange     '1.9.6',
28 silly addNameRange     '1.9.7',
28 silly addNameRange     '1.9.8',
28 silly addNameRange     '1.9.9',
28 silly addNameRange     '1.9.10',
28 silly addNameRange     '1.9.11',
28 silly addNameRange     '1.9.12',
28 silly addNameRange     '1.9.13',
28 silly addNameRange     '1.10.0',
28 silly addNameRange     '1.10.1',
28 silly addNameRange     '1.10.2',
28 silly addNameRange     '1.10.3',
28 silly addNameRange     '1.10.4',
28 silly addNameRange     '1.10.5',
28 silly addNameRange     '1.11.0' ] ]
29 verbose addNamed [ 'webpack', '1.11.0' ]
30 verbose addNamed [ '1.11.0', '1.11.0' ]
31 silly lockFile dcd36caa-webpack-1-11-0 webpack@1.11.0
32 verbose lock webpack@1.11.0 /Users/ranwahle/.npm/dcd36caa-webpack-1-11-0.lock
33 silly lockFile db70abdf-s-org-webpack-webpack-1-11-0-tgz https://registry.npmjs.org/webpack/-/webpack-1.11.0.tgz
34 verbose lock https://registry.npmjs.org/webpack/-/webpack-1.11.0.tgz /Users/ranwahle/.npm/db70abdf-s-org-webpack-webpack-1-11-0-tgz.lock
35 verbose addRemoteTarball [ 'https://registry.npmjs.org/webpack/-/webpack-1.11.0.tgz',
35 verbose addRemoteTarball   '201002b637e254a4e356f5bd067725e6fc9a1924' ]
36 info retry fetch attempt 1 at 22:15:48
37 verbose fetch to= /var/folders/ld/m8307mj52zq81ls_mqz7h83w0000gn/T/npm-59431-SW9RmEBR/registry.npmjs.org/webpack/-/webpack-1.11.0.tgz
38 http GET https://registry.npmjs.org/webpack/-/webpack-1.11.0.tgz
39 http 200 https://registry.npmjs.org/webpack/-/webpack-1.11.0.tgz
40 silly lockFile db70abdf-s-org-webpack-webpack-1-11-0-tgz https://registry.npmjs.org/webpack/-/webpack-1.11.0.tgz
41 silly lockFile db70abdf-s-org-webpack-webpack-1-11-0-tgz https://registry.npmjs.org/webpack/-/webpack-1.11.0.tgz
42 silly lockFile dcd36caa-webpack-1-11-0 webpack@1.11.0
43 silly lockFile dcd36caa-webpack-1-11-0 webpack@1.11.0
44 silly lockFile 9c8dd08b-webpack webpack@
45 silly lockFile 9c8dd08b-webpack webpack@
46 silly resolved [ { name: 'webpack',
46 silly resolved     version: '1.11.0',
46 silly resolved     author: { name: 'Tobias Koppers @sokra' },
46 silly resolved     description: 'Packs CommonJs/AMD modules for the browser. Allows to split your codebase into multiple bundles, which can be loaded on demand. Support loaders to preprocess files, i.e. json, jade, coffee, css, less, ... and your custom stuff.',
46 silly resolved     dependencies:
46 silly resolved      { async: '^1.3.0',
46 silly resolved        clone: '^1.0.2',
46 silly resolved        'enhanced-resolve': '~0.9.0',
46 silly resolved        esprima: '^1.2.0',
46 silly resolved        interpret: '^0.6.4',
46 silly resolved        'memory-fs': '~0.2.0',
46 silly resolved        mkdirp: '~0.5.0',
46 silly resolved        'node-libs-browser': '>= 0.4.0 <=0.6.0',
46 silly resolved        optimist: '~0.6.0',
46 silly resolved        'supports-color': '^3.1.0',
46 silly resolved        tapable: '~0.1.8',
46 silly resolved        'uglify-js': '~2.4.13',
46 silly resolved        watchpack: '^0.2.1',
46 silly resolved        'webpack-core': '~0.6.0' },
46 silly resolved     license: 'MIT',
46 silly resolved     devDependencies:
46 silly resolved      { benchmark: '^1.0.0',
46 silly resolved        'bundle-loader': '~0.5.0',
46 silly resolved        'codecov.io': '^0.1.2',
46 silly resolved        'coffee-loader': '~0.7.1',
46 silly resolved        'component-webpack-plugin': '~0.2.0',
46 silly resolved        coveralls: '^2.11.2',
46 silly resolved        'css-loader': '~0.15.0',
46 silly resolved        diff: '^1.4.0',
46 silly resolved        eslint: '^0.24.0',
46 silly resolved        'eslint-plugin-nodeca': '^1.0.3',
46 silly resolved        express: '~4.13.1',
46 silly resolved        'extract-text-webpack-plugin': '~0.8.0',
46 silly resolved        'file-loader': '~0.8.0',
46 silly resolved        glob: '^5.0.14',
46 silly resolved        'i18n-webpack-plugin': '~0.2.0',
46 silly resolved        istanbul: '^0.3.13',
46 silly resolved        'jade-loader': '~0.7.0',
46 silly resolved        'js-beautify': '^1.5.10',
46 silly resolved        'json-loader': '~0.5.1',
46 silly resolved        'less-loader': '^2.0.0',
46 silly resolved        microtime: '^1.2.0',
46 silly resolved        mocha: '~2.2.0',
46 silly resolved        'mocha-lcov-reporter': '0.0.2',
46 silly resolved        'raw-loader': '~0.5.0',
46 silly resolved        'script-loader': '~0.6.0',
46 silly resolved        should: '^7.0.2',
46 silly resolved        'style-loader': '~0.12.0',
46 silly resolved        'url-loader': '~0.5.0',
46 silly resolved        'val-loader': '~0.5.0',
46 silly resolved        'vm-browserify': '~0.0.0',
46 silly resolved        'webpack-dev-middleware': '^1.0.0',
46 silly resolved        'worker-loader': '~0.6.0' },
46 silly resolved     engines: { node: '>=0.6' },
46 silly resolved     repository:
46 silly resolved      { type: 'git',
46 silly resolved        url: 'git+ssh://git@github.com/webpack/webpack.git' },
46 silly resolved     homepage: 'http://github.com/webpack/webpack',
46 silly resolved     main: 'lib/webpack.js',
46 silly resolved     web: 'lib/webpack.web.js',
46 silly resolved     bin: { webpack: './bin/webpack.js' },
46 silly resolved     files: [ 'lib/', 'bin/', 'buildin/', 'hot/', 'web_modules/' ],
46 silly resolved     scripts:
46 silly resolved      { pretest: 'npm run lint && npm run beautify-lint',
46 silly resolved        test: 'mocha',
46 silly resolved        travis: 'npm run cover -- --report lcovonly',
46 silly resolved        lint: 'eslint lib',
46 silly resolved        'beautify-lint': 'node ./scripts/beautify-check',
46 silly resolved        beautify: 'node ./scripts/beautify-rewrite',
46 silly resolved        precover: 'npm run lint && npm run beautify-lint',
46 silly resolved        cover: 'istanbul cover -x *.runtime.js node_modules/mocha/bin/_mocha',
46 silly resolved        'publish-patch': 'mocha && npm version patch && git push && git push --tags && npm publish' },
46 silly resolved     gitHead: '5335781be8c06c2ff9443431a196f6a94ca80bb3',
46 silly resolved     bugs: { url: 'https://github.com/webpack/webpack/issues' },
46 silly resolved     _id: 'webpack@1.11.0',
46 silly resolved     _shasum: '201002b637e254a4e356f5bd067725e6fc9a1924',
46 silly resolved     _from: 'webpack@',
46 silly resolved     _npmVersion: '2.10.1',
46 silly resolved     _nodeVersion: '0.12.4',
46 silly resolved     _npmUser: { name: 'sokra', email: 'tobias.koppers@googlemail.com' },
46 silly resolved     maintainers: [ [Object] ],
46 silly resolved     dist:
46 silly resolved      { shasum: '201002b637e254a4e356f5bd067725e6fc9a1924',
46 silly resolved        tarball: 'http://registry.npmjs.org/webpack/-/webpack-1.11.0.tgz' },
46 silly resolved     directories: {},
46 silly resolved     _resolved: 'https://registry.npmjs.org/webpack/-/webpack-1.11.0.tgz' } ]
47 info install webpack@1.11.0 into /usr/local/lib
48 info installOne webpack@1.11.0
49 verbose lib/node_modules/webpack unbuild
50 verbose tar unpack /Users/ranwahle/.npm/webpack/1.11.0/package.tgz
51 silly lockFile dd1c7ecc-r-local-lib-node-modules-webpack tar:///usr/local/lib/node_modules/webpack
52 verbose lock tar:///usr/local/lib/node_modules/webpack /Users/ranwahle/.npm/dd1c7ecc-r-local-lib-node-modules-webpack.lock
53 silly lockFile 1cbebf0b-e-npm-webpack-1-11-0-package-tgz tar:///Users/ranwahle/.npm/webpack/1.11.0/package.tgz
54 verbose lock tar:///Users/ranwahle/.npm/webpack/1.11.0/package.tgz /Users/ranwahle/.npm/1cbebf0b-e-npm-webpack-1-11-0-package-tgz.lock
55 silly gunzTarPerm modes [ '755', '644' ]
56 error Error: EACCES, mkdir '/usr/local/lib/node_modules/webpack'
56 error  { [Error: EACCES, mkdir '/usr/local/lib/node_modules/webpack']
56 error   errno: 3,
56 error   code: 'EACCES',
56 error   path: '/usr/local/lib/node_modules/webpack',
56 error   fstream_type: 'Directory',
56 error   fstream_path: '/usr/local/lib/node_modules/webpack',
56 error   fstream_class: 'DirWriter',
56 error   fstream_stack:
56 error    [ '/usr/local/lib/node_modules/npm/node_modules/fstream/lib/dir-writer.js:36:23',
56 error      '/usr/local/lib/node_modules/npm/node_modules/mkdirp/index.js:46:53',
56 error      'Object.oncomplete (fs.js:107:15)' ] }
57 error Please try running this command again as root/Administrator.
58 error System Darwin 14.4.0
59 error command "node" "/usr/local/bin/npm" "install" "webpack" "-g"
60 error cwd /Users/ranwahle/projects/Komoona
61 error node -v v0.10.32
62 error npm -v 1.4.28
63 error path /usr/local/lib/node_modules/webpack
64 error fstream_path /usr/local/lib/node_modules/webpack
65 error fstream_type Directory
66 error fstream_class DirWriter
67 error code EACCES
68 error errno 3
69 error stack Error: EACCES, mkdir '/usr/local/lib/node_modules/webpack'
70 error fstream_stack /usr/local/lib/node_modules/npm/node_modules/fstream/lib/dir-writer.js:36:23
70 error fstream_stack /usr/local/lib/node_modules/npm/node_modules/mkdirp/index.js:46:53
70 error fstream_stack Object.oncomplete (fs.js:107:15)
71 verbose exit [ 3, true ]
